<?xml version="1.0" encoding="UTF-8"?>
<!-- Generated by org.testng.reporters.JUnitXMLReporter -->
<testsuite hostname="JustPC" ignored="0" name="Bank Manager Login Test" tests="1" failures="1" timestamp="09 Dec 2020 17:15:51 GMT" time="0.808" errors="0">
  <testcase name="loginAsBankManager" time="0.34" classname="com.w2a.testcases.BankManagerLoginTest">
    <failure type="java.lang.AssertionError" message="Forcefull fail.....">
      <![CDATA[java.lang.AssertionError: Forcefull fail.....
	at com.w2a.testcases.BankManagerLoginTest.loginAsBankManager(BankManagerLoginTest.java:28)
... Removed 29 stack frames]]>
    </failure>
  </testcase> <!-- loginAsBankManager -->
</testsuite> <!-- Bank Manager Login Test -->
